(node:412877) [MODULE_TYPELESS_PACKAGE_JSON] Warning: Module type of file:///home/fw/Documents/GitHub/yt-dlp-discord-activity/server.js is not specified and it doesn't parse as CommonJS.
Reparsing as ES module because module syntax was detected. This incurs a performance overhead.
To eliminate this warning, add "type": "module" to /home/fw/Documents/GitHub/yt-dlp-discord-activity/package.json.
(Use `node --trace-warnings ...` to show where the warning was created)
Discord Activity running at http://localhost:3001
(node:426144) [MODULE_TYPELESS_PACKAGE_JSON] Warning: Module type of file:///home/fw/Documents/GitHub/yt-dlp-discord-activity/server.js is not specified and it doesn't parse as CommonJS.
Reparsing as ES module because module syntax was detected. This incurs a performance overhead.
To eliminate this warning, add "type": "module" to /home/fw/Documents/GitHub/yt-dlp-discord-activity/package.json.
(Use `node --trace-warnings ...` to show where the warning was created)
Discord Activity running at http://localhost:3001
(node:428060) [MODULE_TYPELESS_PACKAGE_JSON] Warning: Module type of file:///home/fw/Documents/GitHub/yt-dlp-discord-activity/server.js is not specified and it doesn't parse as CommonJS.
Reparsing as ES module because module syntax was detected. This incurs a performance overhead.
To eliminate this warning, add "type": "module" to /home/fw/Documents/GitHub/yt-dlp-discord-activity/package.json.
(Use `node --trace-warnings ...` to show where the warning was created)
Discord Activity running at http://localhost:3001
(node:436243) [MODULE_TYPELESS_PACKAGE_JSON] Warning: Module type of file:///home/fw/Documents/GitHub/yt-dlp-discord-activity/server.js is not specified and it doesn't parse as CommonJS.
Reparsing as ES module because module syntax was detected. This incurs a performance overhead.
To eliminate this warning, add "type": "module" to /home/fw/Documents/GitHub/yt-dlp-discord-activity/package.json.
(Use `node --trace-warnings ...` to show where the warning was created)
Discord Activity running at http://localhost:3001
(node:436657) [MODULE_TYPELESS_PACKAGE_JSON] Warning: Module type of file:///home/fw/Documents/GitHub/yt-dlp-discord-activity/server.js is not specified and it doesn't parse as CommonJS.
Reparsing as ES module because module syntax was detected. This incurs a performance overhead.
To eliminate this warning, add "type": "module" to /home/fw/Documents/GitHub/yt-dlp-discord-activity/package.json.
(Use `node --trace-warnings ...` to show where the warning was created)
Discord Activity running at http://localhost:3001
(node:437418) [MODULE_TYPELESS_PACKAGE_JSON] Warning: Module type of file:///home/fw/Documents/GitHub/yt-dlp-discord-activity/server.js is not specified and it doesn't parse as CommonJS.
Reparsing as ES module because module syntax was detected. This incurs a performance overhead.
To eliminate this warning, add "type": "module" to /home/fw/Documents/GitHub/yt-dlp-discord-activity/package.json.
(Use `node --trace-warnings ...` to show where the warning was created)
Discord Activity running at http://localhost:3001
(node:437892) [MODULE_TYPELESS_PACKAGE_JSON] Warning: Module type of file:///home/fw/Documents/GitHub/yt-dlp-discord-activity/server.js is not specified and it doesn't parse as CommonJS.
Reparsing as ES module because module syntax was detected. This incurs a performance overhead.
To eliminate this warning, add "type": "module" to /home/fw/Documents/GitHub/yt-dlp-discord-activity/package.json.
(Use `node --trace-warnings ...` to show where the warning was created)
Discord Activity running at http://localhost:3001
(node:438569) [MODULE_TYPELESS_PACKAGE_JSON] Warning: Module type of file:///home/fw/Documents/GitHub/yt-dlp-discord-activity/server.js is not specified and it doesn't parse as CommonJS.
Reparsing as ES module because module syntax was detected. This incurs a performance overhead.
To eliminate this warning, add "type": "module" to /home/fw/Documents/GitHub/yt-dlp-discord-activity/package.json.
(Use `node --trace-warnings ...` to show where the warning was created)
Discord Activity running at http://localhost:3001
(node:439394) [MODULE_TYPELESS_PACKAGE_JSON] Warning: Module type of file:///home/fw/Documents/GitHub/yt-dlp-discord-activity/server.js is not specified and it doesn't parse as CommonJS.
Reparsing as ES module because module syntax was detected. This incurs a performance overhead.
To eliminate this warning, add "type": "module" to /home/fw/Documents/GitHub/yt-dlp-discord-activity/package.json.
(Use `node --trace-warnings ...` to show where the warning was created)
Discord Activity running at http://localhost:3001
